<?xml version="1.0" encoding="UTF-8"?>
<testsuite name="Scenario: User can verify response error" tests="3" skipped="0" failures="0" errors="0" timestamp="2020-07-23T13:03:28" hostname="Pavels-MacBook-Air.local" time="0.01">
  <properties/>
  <testcase name="And User once again sent request with POST method and body.json file" classname="Scenario: User can verify response error" time="0.0"/>
  <testcase name="Then Response error Sync item already processed. Ignored is appeared" classname="Scenario: User can verify response error" time="0.002"/>
  <testcase name="classMethod" classname="Scenario: User can verify response error" time="5.646"/>
  <system-out><![CDATA[]]></system-out>
  <system-err><![CDATA[]]></system-err>
</testsuite>
